<?xml version="1.0" encoding="UTF-8"?>
<!-- Generated by org.testng.reporters.JUnitXMLReporter -->
<testsuite ignored="0" hostname="DESKTOP-1C3U48K" failures="1" tests="3" name=" Error Validation Tests" time="12.415" errors="0" timestamp="2026-07-05T17:53:10 IST">
  <testcase classname="com.ecommerce.Tests.ErrorValidations" name="loginErrorValidation" time="1.019">
    <skipped/>
  </testcase> <!-- loginErrorValidation -->
  <testcase classname="com.ecommerce.Tests.ErrorValidations" name="loginErrorValidation" time="1.028">
    <failure type="java.lang.AssertionError" message="expected [Incorrect email   password.] but found [Incorrect email or password.]">
      <![CDATA[java.lang.AssertionError: expected [Incorrect email   password.] but found [Incorrect email or password.]
at com.ecommerce.Tests.ErrorValidations.loginErrorValidation(ErrorValidations.java:34)
at java.base/java.util.ArrayList.forEach(ArrayList.java:1596)
at java.base/java.util.concurrent.FutureTask.run(FutureTask.java:317)
at java.base/java.util.concurrent.ThreadPoolExecutor.runWorker(ThreadPoolExecutor.java:1144)
at java.base/java.util.concurrent.ThreadPoolExecutor$Worker.run(ThreadPoolExecutor.java:642)
at java.base/java.lang.Thread.run(Thread.java:1583)
... Removed 21 stack frames]]>
    </failure>
  </testcase> <!-- loginErrorValidation -->
  <testcase classname="com.ecommerce.Tests.ErrorValidations" name="productErrorValidation" time="2.317"/>
</testsuite> <!--  Error Validation Tests -->
