<?xml version="1.0" encoding="UTF-8"?>
<!-- Generated by org.testng.reporters.JUnitXMLReporter -->
<testsuite ignored="0" hostname="DESKTOP-1C3U48K" failures="0" tests="3" name="Submit Order Tests" time="13.473" errors="0" timestamp="2026-07-05T17:53:11 IST">
  <testcase classname="com.ecommerce.Tests.SubmitOrderTest" name="submitOrder" time="3.39"/>
  <testcase classname="com.ecommerce.Tests.SubmitOrderTest" name="submitOrder" time="2.947"/>
  <testcase classname="com.ecommerce.Tests.SubmitOrderTest" name="orderHistory" time="0.855"/>
</testsuite> <!-- Submit Order Tests -->
