<?xml version="1.0" encoding="UTF-8"?>
<testsuite xmlns:xsi="http://www.w3.org/2001/XMLSchema-instance" xsi:noNamespaceSchemaLocation="https://maven.apache.org/surefire/maven-surefire-plugin/xsd/surefire-test-report.xsd" version="3.0.2" name="com.ecommerce.Tests.SubmitOrderTest" time="14.147" tests="3" errors="0" skipped="0" failures="0" flakes="0">
  <properties>
[...]
</properties>
  <testcase name="submitOrder(java.util.HashMap)[0]" classname="com.ecommerce.Tests.SubmitOrderTest" time="2.648">
    <system-err><![CDATA[[main] INFO io.github.bonigarcia.wdm.WebDriverManager - Using chromedriver 149.0.7827.155 (resolved driver for Chrome 149)
[main] INFO io.github.bonigarcia.wdm.WebDriverManager - Exporting webdriver.chrome.driver as C:\Users\DELL\.cache\selenium\chromedriver\win64\149.0.7827.155\chromedriver.exe
]]></system-err>
  </testcase>
  <testcase name="submitOrder(java.util.HashMap)[1]" classname="com.ecommerce.Tests.SubmitOrderTest" time="2.647">
    <system-err><![CDATA[[main] INFO io.github.bonigarcia.wdm.WebDriverManager - Using chromedriver 149.0.7827.155 (resolved driver for Chrome 149)
[main] INFO io.github.bonigarcia.wdm.WebDriverManager - Exporting webdriver.chrome.driver as C:\Users\DELL\.cache\selenium\chromedriver\win64\149.0.7827.155\chromedriver.exe
]]></system-err>
  </testcase>
  <testcase name="orderHistory" classname="com.ecommerce.Tests.SubmitOrderTest" time="0.829">
    <system-err><![CDATA[[main] INFO io.github.bonigarcia.wdm.WebDriverManager - Using chromedriver 149.0.7827.155 (resolved driver for Chrome 149)
[main] INFO io.github.bonigarcia.wdm.WebDriverManager - Exporting webdriver.chrome.driver as C:\Users\DELL\.cache\selenium\chromedriver\win64\149.0.7827.155\chromedriver.exe
]]></system-err>
  </testcase>
</testsuite>