<?xml version="1.0" encoding="UTF-8"?>
<testng-results retried="1" ignored="0" total="6" passed="4" failed="1" skipped="0">
  <reporter-output>
  </reporter-output>
  <suite started-at="2026-07-05T17:52:57 IST" name="Suite" finished-at="2026-07-05T17:53:11 IST" duration-ms="13473">
    <groups>
      <group name="ErrorHandling">
        <method signature="ErrorValidations.productErrorValidation()[pri:0, instance:com.ecommerce.Tests.ErrorValidations@638ef7ed]" name="productErrorValidation" class="com.ecommerce.Tests.ErrorValidations"/>
      </group> <!-- ErrorHandling -->
      <group name="Sanity">
        <method signature="SubmitOrderTest.submitOrder(java.util.HashMap)[pri:0, instance:com.ecommerce.Tests.SubmitOrderTest@7dfd3c81]" name="submitOrder" class="com.ecommerce.Tests.SubmitOrderTest"/>
      </group> <!-- Sanity -->
      <group name="Smoke">
        <method signature="ErrorValidations.productErrorValidation()[pri:0, instance:com.ecommerce.Tests.ErrorValidations@638ef7ed]" name="productErrorValidation" class="com.ecommerce.Tests.ErrorValidations"/>
      </group> <!-- Smoke -->
    </groups>
    <test started-at="2026-07-05T17:52:57 IST" name=" Error Validation Tests" finished-at="2026-07-05T17:53:09 IST" duration-ms="12415">
      <class name="com.ecommerce.Tests.ErrorValidations">
        <test-method is-config="true" signature="launchApplication()[pri:0, instance:com.ecommerce.Tests.ErrorValidations@638ef7ed]" started-at="2026-07-05T17:52:57 IST" name="launchApplication" finished-at="2026-07-05T17:52:59 IST" duration-ms="1801" status="PASS">
          <reporter-output>
          </reporter-output>
        </test-method> <!-- launchApplication -->
        <test-method retried="true" signature="loginErrorValidation()[pri:0, instance:com.ecommerce.Tests.ErrorValidations@638ef7ed]" started-at="2026-07-05T17:52:59 IST" name="loginErrorValidation" finished-at="2026-07-05T17:53:00 IST" duration-ms="1019" status="SKIP">
          <exception class="java.lang.AssertionError">
            <message>
              <![CDATA[expected [Incorrect email   password.] but found [Incorrect email or password.]]]>
            </message>
            <full-stacktrace>
              <![CDATA[java.lang.AssertionError: expected [Incorrect email   password.] but found [Incorrect email or password.]
at org.testng.Assert.fail(Assert.java:111)
at org.testng.Assert.failNotEquals(Assert.java:1590)
at org.testng.Assert.assertEqualsImpl(Assert.java:150)
at org.testng.Assert.assertEquals(Assert.java:132)
at org.testng.Assert.assertEquals(Assert.java:656)
at org.testng.Assert.assertEquals(Assert.java:666)
at com.ecommerce.Tests.ErrorValidations.loginErrorValidation(ErrorValidations.java:34)
at java.base/jdk.internal.reflect.DirectMethodHandleAccessor.invoke(DirectMethodHandleAccessor.java:103)
at java.base/java.lang.reflect.Method.invoke(Method.java:580)
at org.testng.internal.invokers.MethodInvocationHelper.invokeMethod(MethodInvocationHelper.java:141)
at org.testng.internal.invokers.TestInvoker.invokeMethod(TestInvoker.java:697)
at org.testng.internal.invokers.TestInvoker.invokeTestMethod(TestInvoker.java:230)
at org.testng.internal.invokers.MethodRunner.runInSequence(MethodRunner.java:63)
at org.testng.internal.invokers.TestInvoker$MethodInvocationAgent.invoke(TestInvoker.java:1005)
at org.testng.internal.invokers.TestInvoker.invokeTestMethods(TestInvoker.java:203)
at org.testng.internal.invokers.TestMethodWorker.invokeTestMethods(TestMethodWorker.java:154)
at org.testng.internal.invokers.TestMethodWorker.run(TestMethodWorker.java:134)
at java.base/java.util.ArrayList.forEach(ArrayList.java:1596)
at org.testng.TestRunner.privateRun(TestRunner.java:744)
at org.testng.TestRunner.run(TestRunner.java:616)
at org.testng.SuiteRunner.runTest(SuiteRunner.java:421)
at org.testng.SuiteRunner$SuiteWorker.run(SuiteRunner.java:463)
at org.testng.internal.thread.ThreadUtil.lambda$execute$0(ThreadUtil.java:64)
at java.base/java.util.concurrent.FutureTask.run(FutureTask.java:317)
at java.base/java.util.concurrent.ThreadPoolExecutor.runWorker(ThreadPoolExecutor.java:1144)
at java.base/java.util.concurrent.ThreadPoolExecutor$Worker.run(ThreadPoolExecutor.java:642)
at java.base/java.lang.Thread.run(Thread.java:1583)
]]>
            </full-stacktrace>
          </exception> <!-- java.lang.AssertionError -->
          <reporter-output>
          </reporter-output>
        </test-method> <!-- loginErrorValidation -->
        <test-method is-config="true" signature="tearDown()[pri:0, instance:com.ecommerce.Tests.ErrorValidations@638ef7ed]" started-at="2026-07-05T17:53:00 IST" name="tearDown" finished-at="2026-07-05T17:53:00 IST" duration-ms="101" status="PASS">
          <reporter-output>
          </reporter-output>
        </test-method> <!-- tearDown -->
        <test-method is-config="true" signature="launchApplication()[pri:0, instance:com.ecommerce.Tests.ErrorValidations@638ef7ed]" started-at="2026-07-05T17:53:00 IST" name="launchApplication" finished-at="2026-07-05T17:53:03 IST" duration-ms="2587" status="PASS">
          <reporter-output>
          </reporter-output>
        </test-method> <!-- launchApplication -->
        <test-method signature="loginErrorValidation()[pri:0, instance:com.ecommerce.Tests.ErrorValidations@638ef7ed]" started-at="2026-07-05T17:53:03 IST" name="loginErrorValidation" finished-at="2026-07-05T17:53:04 IST" duration-ms="1028" status="FAIL">
          <exception class="java.lang.AssertionError">
            <message>
              <![CDATA[expected [Incorrect email   password.] but found [Incorrect email or password.]]]>
            </message>
            <full-stacktrace>
              <![CDATA[java.lang.AssertionError: expected [Incorrect email   password.] but found [Incorrect email or password.]
at org.testng.Assert.fail(Assert.java:111)
at org.testng.Assert.failNotEquals(Assert.java:1590)
at org.testng.Assert.assertEqualsImpl(Assert.java:150)
at org.testng.Assert.assertEquals(Assert.java:132)
at org.testng.Assert.assertEquals(Assert.java:656)
at org.testng.Assert.assertEquals(Assert.java:666)
at com.ecommerce.Tests.ErrorValidations.loginErrorValidation(ErrorValidations.java:34)
at java.base/jdk.internal.reflect.DirectMethodHandleAccessor.invoke(DirectMethodHandleAccessor.java:103)
at java.base/java.lang.reflect.Method.invoke(Method.java:580)
at org.testng.internal.invokers.MethodInvocationHelper.invokeMethod(MethodInvocationHelper.java:141)
at org.testng.internal.invokers.TestInvoker.invokeMethod(TestInvoker.java:697)
at org.testng.internal.invokers.TestInvoker.retryFailed(TestInvoker.java:280)
at org.testng.internal.invokers.MethodRunner.runInSequence(MethodRunner.java:76)
at org.testng.internal.invokers.TestInvoker$MethodInvocationAgent.invoke(TestInvoker.java:1005)
at org.testng.internal.invokers.TestInvoker.invokeTestMethods(TestInvoker.java:203)
at org.testng.internal.invokers.TestMethodWorker.invokeTestMethods(TestMethodWorker.java:154)
at org.testng.internal.invokers.TestMethodWorker.run(TestMethodWorker.java:134)
at java.base/java.util.ArrayList.forEach(ArrayList.java:1596)
at org.testng.TestRunner.privateRun(TestRunner.java:744)
at org.testng.TestRunner.run(TestRunner.java:616)
at org.testng.SuiteRunner.runTest(SuiteRunner.java:421)
at org.testng.SuiteRunner$SuiteWorker.run(SuiteRunner.java:463)
at org.testng.internal.thread.ThreadUtil.lambda$execute$0(ThreadUtil.java:64)
at java.base/java.util.concurrent.FutureTask.run(FutureTask.java:317)
at java.base/java.util.concurrent.ThreadPoolExecutor.runWorker(ThreadPoolExecutor.java:1144)
at java.base/java.util.concurrent.ThreadPoolExecutor$Worker.run(ThreadPoolExecutor.java:642)
at java.base/java.lang.Thread.run(Thread.java:1583)
]]>
            </full-stacktrace>
          </exception> <!-- java.lang.AssertionError -->
          <reporter-output>
          </reporter-output>
        </test-method> <!-- loginErrorValidation -->
        <test-method is-config="true" signature="tearDown()[pri:0, instance:com.ecommerce.Tests.ErrorValidations@638ef7ed]" started-at="2026-07-05T17:53:04 IST" name="tearDown" finished-at="2026-07-05T17:53:04 IST" duration-ms="83" status="PASS">
          <reporter-output>
          </reporter-output>
        </test-method> <!-- tearDown -->
        <test-method is-config="true" signature="launchApplication()[pri:0, instance:com.ecommerce.Tests.ErrorValidations@638ef7ed]" started-at="2026-07-05T17:53:04 IST" name="launchApplication" finished-at="2026-07-05T17:53:07 IST" duration-ms="2961" status="PASS">
          <reporter-output>
          </reporter-output>
        </test-method> <!-- launchApplication -->
        <test-method signature="productErrorValidation()[pri:0, instance:com.ecommerce.Tests.ErrorValidations@638ef7ed]" started-at="2026-07-05T17:53:07 IST" name="productErrorValidation" finished-at="2026-07-05T17:53:09 IST" duration-ms="2317" status="PASS">
          <reporter-output>
          </reporter-output>
        </test-method> <!-- productErrorValidation -->
        <test-method is-config="true" signature="tearDown()[pri:0, instance:com.ecommerce.Tests.ErrorValidations@638ef7ed]" started-at="2026-07-05T17:53:09 IST" name="tearDown" finished-at="2026-07-05T17:53:09 IST" duration-ms="75" status="PASS">
          <reporter-output>
          </reporter-output>
        </test-method> <!-- tearDown -->
      </class> <!-- com.ecommerce.Tests.ErrorValidations -->
    </test> <!--  Error Validation Tests -->
    <test started-at="2026-07-05T17:52:57 IST" name="Submit Order Tests" finished-at="2026-07-05T17:53:11 IST" duration-ms="13473">
      <class name="com.ecommerce.Tests.SubmitOrderTest">
        <test-method is-config="true" signature="launchApplication()[pri:0, instance:com.ecommerce.Tests.SubmitOrderTest@7dfd3c81]" started-at="2026-07-05T17:52:57 IST" name="launchApplication" finished-at="2026-07-05T17:52:59 IST" duration-ms="1475" status="PASS">
          <reporter-output>
          </reporter-output>
        </test-method> <!-- launchApplication -->
        <test-method signature="submitOrder(java.util.HashMap)[pri:0, instance:com.ecommerce.Tests.SubmitOrderTest@7dfd3c81]" started-at="2026-07-05T17:52:59 IST" name="submitOrder" data-provider="getData" finished-at="2026-07-05T17:53:02 IST" duration-ms="3390" status="PASS">
          <params>
            <param index="0">
              <value>
                <![CDATA[{password=Test@12345, email=pratik350442@gmail.com, productName=ADIDAS ORIGINAL}]]>
              </value>
            </param>
          </params>
          <reporter-output>
          </reporter-output>
        </test-method> <!-- submitOrder -->
        <test-method is-config="true" signature="tearDown()[pri:0, instance:com.ecommerce.Tests.SubmitOrderTest@7dfd3c81]" started-at="2026-07-05T17:53:02 IST" name="tearDown" finished-at="2026-07-05T17:53:02 IST" duration-ms="82" status="PASS">
          <reporter-output>
          </reporter-output>
        </test-method> <!-- tearDown -->
        <test-method is-config="true" signature="launchApplication()[pri:0, instance:com.ecommerce.Tests.SubmitOrderTest@7dfd3c81]" started-at="2026-07-05T17:53:02 IST" name="launchApplication" finished-at="2026-07-05T17:53:04 IST" duration-ms="1719" status="PASS">
          <reporter-output>
          </reporter-output>
        </test-method> <!-- launchApplication -->
        <test-method signature="submitOrder(java.util.HashMap)[pri:0, instance:com.ecommerce.Tests.SubmitOrderTest@7dfd3c81]" started-at="2026-07-05T17:53:04 IST" name="submitOrder" data-provider="getData" finished-at="2026-07-05T17:53:07 IST" duration-ms="2947" status="PASS">
          <params>
            <param index="0">
              <value>
                <![CDATA[{password=Test@123456, email=pratik350442.1@gmail.com, productName=ZARA COAT 3}]]>
              </value>
            </param>
          </params>
          <reporter-output>
          </reporter-output>
        </test-method> <!-- submitOrder -->
        <test-method is-config="true" signature="tearDown()[pri:0, instance:com.ecommerce.Tests.SubmitOrderTest@7dfd3c81]" started-at="2026-07-05T17:53:07 IST" name="tearDown" finished-at="2026-07-05T17:53:07 IST" duration-ms="109" status="PASS">
          <reporter-output>
          </reporter-output>
        </test-method> <!-- tearDown -->
        <test-method is-config="true" signature="launchApplication()[pri:0, instance:com.ecommerce.Tests.SubmitOrderTest@7dfd3c81]" started-at="2026-07-05T17:53:07 IST" name="launchApplication" finished-at="2026-07-05T17:53:10 IST" duration-ms="2632" status="PASS">
          <reporter-output>
          </reporter-output>
        </test-method> <!-- launchApplication -->
        <test-method signature="orderHistory()[pri:0, instance:com.ecommerce.Tests.SubmitOrderTest@7dfd3c81]" started-at="2026-07-05T17:53:10 IST" name="orderHistory" finished-at="2026-07-05T17:53:10 IST" depends-on-methods="com.ecommerce.Tests.SubmitOrderTest.submitOrder" duration-ms="855" status="PASS">
          <reporter-output>
          </reporter-output>
        </test-method> <!-- orderHistory -->
        <test-method is-config="true" signature="tearDown()[pri:0, instance:com.ecommerce.Tests.SubmitOrderTest@7dfd3c81]" started-at="2026-07-05T17:53:10 IST" name="tearDown" finished-at="2026-07-05T17:53:10 IST" duration-ms="94" status="PASS">
          <reporter-output>
          </reporter-output>
        </test-method> <!-- tearDown -->
      </class> <!-- com.ecommerce.Tests.SubmitOrderTest -->
    </test> <!-- Submit Order Tests -->
  </suite> <!-- Suite -->
</testng-results>
