<?xml version="1.0" encoding="UTF-8"?>
<testng-results ignored="0" total="1" passed="1" failed="0" skipped="0">
  <reporter-output>
  </reporter-output>
  <suite started-at="2026-07-05T17:41:15 IST" name="Default suite" finished-at="2026-07-05T17:41:22 IST" duration-ms="7097">
    <groups>
      <group name="cucumber">
        <method signature="AbstractTestNGCucumberTests.runScenario(io.cucumber.testng.PickleWrapper,io.cucumber.testng.FeatureWrapper)[pri:0, instance:com.ecommerce.TestRunner.TestRunner@7494f96a]" name="runScenario" class="io.cucumber.testng.AbstractTestNGCucumberTests"/>
      </group> <!-- cucumber -->
    </groups>
    <test started-at="2026-07-05T17:41:15 IST" name="Default test" finished-at="2026-07-05T17:41:22 IST" duration-ms="7097">
      <class name="com.ecommerce.TestRunner.TestRunner">
        <test-method is-config="true" signature="setUpClass(org.testng.ITestContext)[pri:0, instance:com.ecommerce.TestRunner.TestRunner@7494f96a]" started-at="2026-07-05T17:41:15 IST" name="setUpClass" finished-at="2026-07-05T17:41:15 IST" duration-ms="354" status="PASS">
          <params>
            <param index="0">
              <value>
                <![CDATA[org.testng.TestRunner@129bd55d]]>
              </value>
            </param>
          </params>
          <reporter-output>
          </reporter-output>
        </test-method> <!-- setUpClass -->
        <test-method signature="runScenario(io.cucumber.testng.PickleWrapper,io.cucumber.testng.FeatureWrapper)[pri:0, instance:com.ecommerce.TestRunner.TestRunner@7494f96a]" started-at="2026-07-05T17:41:15 IST" name="runScenario" description="Runs Cucumber Scenarios" data-provider="scenarios" finished-at="2026-07-05T17:41:22 IST" duration-ms="6605" status="PASS">
          <params>
            <param index="0">
              <value>
                <![CDATA["Positive scenario of submitting the order"]]>
              </value>
            </param>
            <param index="1">
              <value>
                <![CDATA["Complete order of an item from the ecommerce website"]]>
              </value>
            </param>
          </params>
          <reporter-output>
          </reporter-output>
        </test-method> <!-- runScenario -->
        <test-method is-config="true" signature="tearDownClass()[pri:0, instance:com.ecommerce.TestRunner.TestRunner@7494f96a]" started-at="2026-07-05T17:41:22 IST" name="tearDownClass" finished-at="2026-07-05T17:41:22 IST" duration-ms="100" status="PASS">
          <reporter-output>
          </reporter-output>
        </test-method> <!-- tearDownClass -->
      </class> <!-- com.ecommerce.TestRunner.TestRunner -->
    </test> <!-- Default test -->
  </suite> <!-- Default suite -->
</testng-results>
