<?xml version="1.0" encoding="UTF-8"?>
<!-- Generated by org.testng.reporters.JUnitReportReporter -->
<testsuite hostname="DESKTOP-1C3U48K" failures="0" tests="3" name="com.ecommerce.Tests.SubmitOrderTest" time="29.980" errors="0" timestamp="2026-07-01T20:52:41 IST" skipped="0">
  <testcase classname="com.ecommerce.Tests.SubmitOrderTest" name="orderHistory" time="7.648"/>
  <testcase classname="com.ecommerce.Tests.SubmitOrderTest" name="submitOrder" time="11.108"/>
  <testcase classname="com.ecommerce.Tests.SubmitOrderTest" name="submitOrder" time="11.224"/>
</testsuite> <!-- com.ecommerce.Tests.SubmitOrderTest -->
