<?xml version="1.0" encoding="UTF-8"?>
<!-- Generated by org.testng.reporters.JUnitReportReporter -->
<testsuite hostname="DESKTOP-1C3U48K" failures="0" tests="3" name="com.ecommerce.Tests.SubmitOrderTest" time="13.303" errors="0" timestamp="2026-07-05T17:53:11 IST" skipped="0">
  <testcase classname="com.ecommerce.Tests.SubmitOrderTest" name="submitOrder" time="4.947"/>
  <testcase classname="com.ecommerce.Tests.SubmitOrderTest" name="orderHistory" time="3.596"/>
  <testcase classname="com.ecommerce.Tests.SubmitOrderTest" name="submitOrder" time="4.760"/>
</testsuite> <!-- com.ecommerce.Tests.SubmitOrderTest -->
